{"/Users/lin/Downloads/solvd-server-1/api/configs/database.js": {"path":"/Users/lin/Downloads/solvd-server-1/api/configs/database.js","statementMap":{"0":{"start":{"line":1,"column":0},"end":{"line":1,"column":26}},"1":{"start":{"line":2,"column":19},"end":{"line":2,"column":32}},"2":{"start":{"line":3,"column":15},"end":{"line":9,"column":2}},"3":{"start":{"line":12,"column":0},"end":{"line":12,"column":24}}},"fnMap":{},"branchMap":{},"s":{"0":3,"1":3,"2":3,"3":3},"f":{},"b":{},"_coverageSchema":"1a1c01bbd47fc00a2c39e90264f33305004495a9","hash":"ba6d45ec8aaa25125969568f122698b4c80ff67d"}
,"/Users/lin/Downloads/solvd-server-1/api/controllers/MarkController.js": {"path":"/Users/lin/Downloads/solvd-server-1/api/controllers/MarkController.js","statementMap":{"0":{"start":{"line":1,"column":20},"end":{"line":1,"column":54}},"1":{"start":{"line":6,"column":8},"end":{"line":11,"column":9}},"2":{"start":{"line":7,"column":26},"end":{"line":7,"column":57}},"3":{"start":{"line":8,"column":12},"end":{"line":8,"column":45}},"4":{"start":{"line":10,"column":12},"end":{"line":10,"column":92}},"5":{"start":{"line":15,"column":25},"end":{"line":15,"column":37}},"6":{"start":{"line":16,"column":8},"end":{"line":19,"column":9}},"7":{"start":{"line":17,"column":12},"end":{"line":17,"column":84}},"8":{"start":{"line":18,"column":12},"end":{"line":18,"column":19}},"9":{"start":{"line":21,"column":8},"end":{"line":33,"column":9}},"10":{"start":{"line":22,"column":33},"end":{"line":22,"column":66}},"11":{"start":{"line":23,"column":12},"end":{"line":26,"column":13}},"12":{"start":{"line":24,"column":16},"end":{"line":24,"column":76}},"13":{"start":{"line":25,"column":16},"end":{"line":25,"column":23}},"14":{"start":{"line":28,"column":28},"end":{"line":28,"column":62}},"15":{"start":{"line":29,"column":12},"end":{"line":29,"column":95}},"16":{"start":{"line":31,"column":12},"end":{"line":31,"column":57}},"17":{"start":{"line":32,"column":12},"end":{"line":32,"column":93}},"18":{"start":{"line":37,"column":23},"end":{"line":37,"column":40}},"19":{"start":{"line":38,"column":8},"end":{"line":48,"column":9}},"20":{"start":{"line":39,"column":25},"end":{"line":39,"column":62}},"21":{"start":{"line":40,"column":12},"end":{"line":44,"column":13}},"22":{"start":{"line":41,"column":16},"end":{"line":41,"column":72}},"23":{"start":{"line":43,"column":16},"end":{"line":43,"column":48}},"24":{"start":{"line":46,"column":12},"end":{"line":46,"column":57}},"25":{"start":{"line":47,"column":12},"end":{"line":47,"column":95}},"26":{"start":{"line":52,"column":25},"end":{"line":52,"column":37}},"27":{"start":{"line":53,"column":29},"end":{"line":53,"column":37}},"28":{"start":{"line":54,"column":8},"end":{"line":56,"column":9}},"29":{"start":{"line":55,"column":12},"end":{"line":55,"column":78}},"30":{"start":{"line":58,"column":8},"end":{"line":66,"column":9}},"31":{"start":{"line":59,"column":32},"end":{"line":59,"column":70}},"32":{"start":{"line":60,"column":12},"end":{"line":62,"column":13}},"33":{"start":{"line":61,"column":16},"end":{"line":61,"column":78}},"34":{"start":{"line":63,"column":12},"end":{"line":63,"column":100}},"35":{"start":{"line":65,"column":12},"end":{"line":65,"column":101}},"36":{"start":{"line":70,"column":23},"end":{"line":70,"column":40}},"37":{"start":{"line":72,"column":8},"end":{"line":83,"column":9}},"38":{"start":{"line":73,"column":32},"end":{"line":73,"column":72}},"39":{"start":{"line":75,"column":12},"end":{"line":77,"column":13}},"40":{"start":{"line":76,"column":16},"end":{"line":76,"column":78}},"41":{"start":{"line":78,"column":12},"end":{"line":78,"column":100}},"42":{"start":{"line":81,"column":12},"end":{"line":81,"column":57}},"43":{"start":{"line":82,"column":12},"end":{"line":82,"column":94}},"44":{"start":{"line":89,"column":0},"end":{"line":89,"column":38}}},"fnMap":{"0":{"name":"(anonymous_0)","decl":{"start":{"line":5,"column":4},"end":{"line":5,"column":5}},"loc":{"start":{"line":5,"column":38},"end":{"line":12,"column":5}},"line":5},"1":{"name":"(anonymous_1)","decl":{"start":{"line":14,"column":4},"end":{"line":14,"column":5}},"loc":{"start":{"line":14,"column":40},"end":{"line":34,"column":5}},"line":14},"2":{"name":"(anonymous_2)","decl":{"start":{"line":36,"column":4},"end":{"line":36,"column":5}},"loc":{"start":{"line":36,"column":37},"end":{"line":49,"column":5}},"line":36},"3":{"name":"(anonymous_3)","decl":{"start":{"line":51,"column":4},"end":{"line":51,"column":5}},"loc":{"start":{"line":51,"column":40},"end":{"line":67,"column":5}},"line":51},"4":{"name":"(anonymous_4)","decl":{"start":{"line":69,"column":4},"end":{"line":69,"column":5}},"loc":{"start":{"line":69,"column":40},"end":{"line":84,"column":5}},"line":69}},"branchMap":{"0":{"loc":{"start":{"line":16,"column":8},"end":{"line":19,"column":9}},"type":"if","locations":[{"start":{"line":16,"column":8},"end":{"line":19,"column":9}},{"start":{},"end":{}}],"line":16},"1":{"loc":{"start":{"line":23,"column":12},"end":{"line":26,"column":13}},"type":"if","locations":[{"start":{"line":23,"column":12},"end":{"line":26,"column":13}},{"start":{},"end":{}}],"line":23},"2":{"loc":{"start":{"line":40,"column":12},"end":{"line":44,"column":13}},"type":"if","locations":[{"start":{"line":40,"column":12},"end":{"line":44,"column":13}},{"start":{"line":42,"column":19},"end":{"line":44,"column":13}}],"line":40},"3":{"loc":{"start":{"line":54,"column":8},"end":{"line":56,"column":9}},"type":"if","locations":[{"start":{"line":54,"column":8},"end":{"line":56,"column":9}},{"start":{},"end":{}}],"line":54},"4":{"loc":{"start":{"line":60,"column":12},"end":{"line":62,"column":13}},"type":"if","locations":[{"start":{"line":60,"column":12},"end":{"line":62,"column":13}},{"start":{},"end":{}}],"line":60},"5":{"loc":{"start":{"line":75,"column":12},"end":{"line":77,"column":13}},"type":"if","locations":[{"start":{"line":75,"column":12},"end":{"line":77,"column":13}},{"start":{},"end":{}}],"line":75}},"s":{"0":1,"1":2,"2":2,"3":1,"4":1,"5":4,"6":4,"7":1,"8":1,"9":3,"10":3,"11":2,"12":1,"13":1,"14":1,"15":1,"16":1,"17":1,"18":3,"19":3,"20":3,"21":2,"22":1,"23":1,"24":1,"25":1,"26":4,"27":4,"28":4,"29":1,"30":3,"31":3,"32":2,"33":1,"34":1,"35":1,"36":3,"37":3,"38":3,"39":2,"40":1,"41":1,"42":1,"43":1,"44":1},"f":{"0":2,"1":4,"2":3,"3":4,"4":3},"b":{"0":[1,3],"1":[1,1],"2":[1,1],"3":[1,3],"4":[1,1],"5":[1,1]},"_coverageSchema":"1a1c01bbd47fc00a2c39e90264f33305004495a9","hash":"005855a45293f8f5c5a06be9680e2626fdf14722"}
,"/Users/lin/Downloads/solvd-server-1/api/controllers/PartController.js": {"path":"/Users/lin/Downloads/solvd-server-1/api/controllers/PartController.js","statementMap":{"0":{"start":{"line":1,"column":20},"end":{"line":1,"column":54}},"1":{"start":{"line":6,"column":42},"end":{"line":6,"column":55}},"2":{"start":{"line":8,"column":8},"end":{"line":19,"column":9}},"3":{"start":{"line":9,"column":12},"end":{"line":15,"column":13}},"4":{"start":{"line":10,"column":38},"end":{"line":10,"column":97}},"5":{"start":{"line":11,"column":16},"end":{"line":11,"column":57}},"6":{"start":{"line":13,"column":30},"end":{"line":13,"column":61}},"7":{"start":{"line":14,"column":16},"end":{"line":14,"column":49}},"8":{"start":{"line":17,"column":12},"end":{"line":17,"column":58}},"9":{"start":{"line":18,"column":12},"end":{"line":18,"column":92}},"10":{"start":{"line":23,"column":102},"end":{"line":23,"column":114}},"11":{"start":{"line":24,"column":8},"end":{"line":26,"column":9}},"12":{"start":{"line":25,"column":12},"end":{"line":25,"column":122}},"13":{"start":{"line":28,"column":8},"end":{"line":42,"column":9}},"14":{"start":{"line":29,"column":28},"end":{"line":29,"column":139}},"15":{"start":{"line":30,"column":12},"end":{"line":34,"column":13}},"16":{"start":{"line":31,"column":16},"end":{"line":31,"column":92}},"17":{"start":{"line":32,"column":19},"end":{"line":34,"column":13}},"18":{"start":{"line":33,"column":16},"end":{"line":33,"column":120}},"19":{"start":{"line":35,"column":12},"end":{"line":38,"column":15}},"20":{"start":{"line":40,"column":12},"end":{"line":40,"column":57}},"21":{"start":{"line":41,"column":12},"end":{"line":41,"column":93}},"22":{"start":{"line":46,"column":23},"end":{"line":46,"column":40}},"23":{"start":{"line":47,"column":8},"end":{"line":57,"column":9}},"24":{"start":{"line":48,"column":25},"end":{"line":48,"column":62}},"25":{"start":{"line":49,"column":12},"end":{"line":53,"column":13}},"26":{"start":{"line":50,"column":16},"end":{"line":50,"column":79}},"27":{"start":{"line":52,"column":16},"end":{"line":52,"column":48}},"28":{"start":{"line":55,"column":12},"end":{"line":55,"column":57}},"29":{"start":{"line":56,"column":12},"end":{"line":56,"column":95}},"30":{"start":{"line":61,"column":25},"end":{"line":61,"column":37}},"31":{"start":{"line":62,"column":106},"end":{"line":62,"column":114}},"32":{"start":{"line":63,"column":8},"end":{"line":65,"column":9}},"33":{"start":{"line":64,"column":12},"end":{"line":64,"column":78}},"34":{"start":{"line":67,"column":8},"end":{"line":83,"column":9}},"35":{"start":{"line":68,"column":32},"end":{"line":68,"column":147}},"36":{"start":{"line":70,"column":12},"end":{"line":76,"column":13}},"37":{"start":{"line":71,"column":16},"end":{"line":71,"column":92}},"38":{"start":{"line":72,"column":19},"end":{"line":76,"column":13}},"39":{"start":{"line":73,"column":16},"end":{"line":73,"column":120}},"40":{"start":{"line":74,"column":19},"end":{"line":76,"column":13}},"41":{"start":{"line":75,"column":16},"end":{"line":75,"column":78}},"42":{"start":{"line":77,"column":12},"end":{"line":80,"column":15}},"43":{"start":{"line":82,"column":12},"end":{"line":82,"column":101}},"44":{"start":{"line":87,"column":23},"end":{"line":87,"column":40}},"45":{"start":{"line":88,"column":8},"end":{"line":101,"column":9}},"46":{"start":{"line":89,"column":32},"end":{"line":89,"column":72}},"47":{"start":{"line":91,"column":12},"end":{"line":93,"column":13}},"48":{"start":{"line":92,"column":16},"end":{"line":92,"column":78}},"49":{"start":{"line":94,"column":12},"end":{"line":97,"column":15}},"50":{"start":{"line":99,"column":12},"end":{"line":99,"column":57}},"51":{"start":{"line":100,"column":12},"end":{"line":100,"column":94}},"52":{"start":{"line":107,"column":0},"end":{"line":107,"column":38}}},"fnMap":{"0":{"name":"(anonymous_0)","decl":{"start":{"line":5,"column":4},"end":{"line":5,"column":5}},"loc":{"start":{"line":5,"column":38},"end":{"line":20,"column":5}},"line":5},"1":{"name":"(anonymous_1)","decl":{"start":{"line":22,"column":4},"end":{"line":22,"column":5}},"loc":{"start":{"line":22,"column":40},"end":{"line":43,"column":5}},"line":22},"2":{"name":"(anonymous_2)","decl":{"start":{"line":45,"column":4},"end":{"line":45,"column":5}},"loc":{"start":{"line":45,"column":37},"end":{"line":58,"column":5}},"line":45},"3":{"name":"(anonymous_3)","decl":{"start":{"line":60,"column":4},"end":{"line":60,"column":5}},"loc":{"start":{"line":60,"column":40},"end":{"line":84,"column":5}},"line":60},"4":{"name":"(anonymous_4)","decl":{"start":{"line":86,"column":4},"end":{"line":86,"column":5}},"loc":{"start":{"line":86,"column":40},"end":{"line":102,"column":5}},"line":86}},"branchMap":{"0":{"loc":{"start":{"line":9,"column":12},"end":{"line":15,"column":13}},"type":"if","locations":[{"start":{"line":9,"column":12},"end":{"line":15,"column":13}},{"start":{"line":12,"column":19},"end":{"line":15,"column":13}}],"line":9},"1":{"loc":{"start":{"line":9,"column":16},"end":{"line":9,"column":39}},"type":"binary-expr","locations":[{"start":{"line":9,"column":16},"end":{"line":9,"column":23}},{"start":{"line":9,"column":27},"end":{"line":9,"column":39}}],"line":9},"2":{"loc":{"start":{"line":24,"column":8},"end":{"line":26,"column":9}},"type":"if","locations":[{"start":{"line":24,"column":8},"end":{"line":26,"column":9}},{"start":{},"end":{}}],"line":24},"3":{"loc":{"start":{"line":24,"column":12},"end":{"line":24,"column":189}},"type":"binary-expr","locations":[{"start":{"line":24,"column":12},"end":{"line":24,"column":22}},{"start":{"line":24,"column":26},"end":{"line":24,"column":32}},{"start":{"line":24,"column":36},"end":{"line":24,"column":49}},{"start":{"line":24,"column":53},"end":{"line":24,"column":65}},{"start":{"line":24,"column":69},"end":{"line":24,"column":81}},{"start":{"line":24,"column":85},"end":{"line":24,"column":96}},{"start":{"line":24,"column":100},"end":{"line":24,"column":117}},{"start":{"line":24,"column":121},"end":{"line":24,"column":133}},{"start":{"line":24,"column":137},"end":{"line":24,"column":147}},{"start":{"line":24,"column":151},"end":{"line":24,"column":169}},{"start":{"line":24,"column":173},"end":{"line":24,"column":189}}],"line":24},"4":{"loc":{"start":{"line":30,"column":12},"end":{"line":34,"column":13}},"type":"if","locations":[{"start":{"line":30,"column":12},"end":{"line":34,"column":13}},{"start":{"line":32,"column":19},"end":{"line":34,"column":13}}],"line":30},"5":{"loc":{"start":{"line":32,"column":19},"end":{"line":34,"column":13}},"type":"if","locations":[{"start":{"line":32,"column":19},"end":{"line":34,"column":13}},{"start":{},"end":{}}],"line":32},"6":{"loc":{"start":{"line":49,"column":12},"end":{"line":53,"column":13}},"type":"if","locations":[{"start":{"line":49,"column":12},"end":{"line":53,"column":13}},{"start":{"line":51,"column":19},"end":{"line":53,"column":13}}],"line":49},"7":{"loc":{"start":{"line":63,"column":8},"end":{"line":65,"column":9}},"type":"if","locations":[{"start":{"line":63,"column":8},"end":{"line":65,"column":9}},{"start":{},"end":{}}],"line":63},"8":{"loc":{"start":{"line":70,"column":12},"end":{"line":76,"column":13}},"type":"if","locations":[{"start":{"line":70,"column":12},"end":{"line":76,"column":13}},{"start":{"line":72,"column":19},"end":{"line":76,"column":13}}],"line":70},"9":{"loc":{"start":{"line":72,"column":19},"end":{"line":76,"column":13}},"type":"if","locations":[{"start":{"line":72,"column":19},"end":{"line":76,"column":13}},{"start":{"line":74,"column":19},"end":{"line":76,"column":13}}],"line":72},"10":{"loc":{"start":{"line":74,"column":19},"end":{"line":76,"column":13}},"type":"if","locations":[{"start":{"line":74,"column":19},"end":{"line":76,"column":13}},{"start":{},"end":{}}],"line":74},"11":{"loc":{"start":{"line":91,"column":12},"end":{"line":93,"column":13}},"type":"if","locations":[{"start":{"line":91,"column":12},"end":{"line":93,"column":13}},{"start":{},"end":{}}],"line":91}},"s":{"0":1,"1":3,"2":3,"3":3,"4":1,"5":1,"6":2,"7":1,"8":1,"9":1,"10":4,"11":4,"12":1,"13":3,"14":3,"15":3,"16":1,"17":2,"18":1,"19":1,"20":0,"21":0,"22":3,"23":3,"24":3,"25":2,"26":1,"27":1,"28":1,"29":1,"30":5,"31":5,"32":5,"33":0,"34":5,"35":5,"36":4,"37":1,"38":3,"39":1,"40":2,"41":1,"42":1,"43":1,"44":3,"45":3,"46":3,"47":2,"48":1,"49":1,"50":1,"51":1,"52":1},"f":{"0":3,"1":4,"2":3,"3":5,"4":3},"b":{"0":[1,2],"1":[3,1],"2":[1,3],"3":[4,4,4,4,4,4,4,3,3,3,3],"4":[1,2],"5":[1,1],"6":[1,1],"7":[0,5],"8":[1,3],"9":[1,2],"10":[1,1],"11":[1,1]},"_coverageSchema":"1a1c01bbd47fc00a2c39e90264f33305004495a9","hash":"2597d321d2c9936b26c87a0680bbcd7d6f6fae12"}
,"/Users/lin/Downloads/solvd-server-1/api/controllers/UserController.js": {"path":"/Users/lin/Downloads/solvd-server-1/api/controllers/UserController.js","statementMap":{"0":{"start":{"line":1,"column":20},"end":{"line":1,"column":54}},"1":{"start":{"line":5,"column":8},"end":{"line":11,"column":9}},"2":{"start":{"line":6,"column":26},"end":{"line":6,"column":57}},"3":{"start":{"line":7,"column":12},"end":{"line":7,"column":45}},"4":{"start":{"line":9,"column":12},"end":{"line":9,"column":58}},"5":{"start":{"line":10,"column":12},"end":{"line":10,"column":92}},"6":{"start":{"line":15,"column":61},"end":{"line":15,"column":73}},"7":{"start":{"line":17,"column":8},"end":{"line":19,"column":9}},"8":{"start":{"line":18,"column":12},"end":{"line":18,"column":123}},"9":{"start":{"line":21,"column":8},"end":{"line":38,"column":9}},"10":{"start":{"line":22,"column":33},"end":{"line":22,"column":72}},"11":{"start":{"line":23,"column":12},"end":{"line":25,"column":13}},"12":{"start":{"line":24,"column":16},"end":{"line":24,"column":103}},"13":{"start":{"line":27,"column":48},"end":{"line":27,"column":93}},"14":{"start":{"line":28,"column":12},"end":{"line":30,"column":13}},"15":{"start":{"line":29,"column":16},"end":{"line":29,"column":109}},"16":{"start":{"line":32,"column":28},"end":{"line":32,"column":98}},"17":{"start":{"line":33,"column":12},"end":{"line":33,"column":47}},"18":{"start":{"line":36,"column":12},"end":{"line":36,"column":57}},"19":{"start":{"line":37,"column":12},"end":{"line":37,"column":93}},"20":{"start":{"line":42,"column":23},"end":{"line":42,"column":40}},"21":{"start":{"line":44,"column":8},"end":{"line":46,"column":9}},"22":{"start":{"line":45,"column":12},"end":{"line":45,"column":78}},"23":{"start":{"line":48,"column":8},"end":{"line":51,"column":9}},"24":{"start":{"line":49,"column":12},"end":{"line":49,"column":95}},"25":{"start":{"line":50,"column":12},"end":{"line":50,"column":19}},"26":{"start":{"line":53,"column":8},"end":{"line":63,"column":9}},"27":{"start":{"line":54,"column":25},"end":{"line":54,"column":62}},"28":{"start":{"line":55,"column":12},"end":{"line":59,"column":13}},"29":{"start":{"line":56,"column":16},"end":{"line":56,"column":72}},"30":{"start":{"line":58,"column":16},"end":{"line":58,"column":48}},"31":{"start":{"line":61,"column":12},"end":{"line":61,"column":57}},"32":{"start":{"line":62,"column":12},"end":{"line":62,"column":95}},"33":{"start":{"line":68,"column":21},"end":{"line":68,"column":33}},"34":{"start":{"line":69,"column":65},"end":{"line":69,"column":69}},"35":{"start":{"line":70,"column":8},"end":{"line":72,"column":9}},"36":{"start":{"line":71,"column":12},"end":{"line":71,"column":78}},"37":{"start":{"line":74,"column":8},"end":{"line":76,"column":9}},"38":{"start":{"line":75,"column":12},"end":{"line":75,"column":95}},"39":{"start":{"line":78,"column":8},"end":{"line":86,"column":9}},"40":{"start":{"line":79,"column":32},"end":{"line":79,"column":106}},"41":{"start":{"line":80,"column":12},"end":{"line":82,"column":13}},"42":{"start":{"line":81,"column":16},"end":{"line":81,"column":78}},"43":{"start":{"line":83,"column":12},"end":{"line":83,"column":100}},"44":{"start":{"line":85,"column":12},"end":{"line":85,"column":101}},"45":{"start":{"line":90,"column":23},"end":{"line":90,"column":40}},"46":{"start":{"line":92,"column":8},"end":{"line":94,"column":9}},"47":{"start":{"line":93,"column":12},"end":{"line":93,"column":78}},"48":{"start":{"line":96,"column":8},"end":{"line":107,"column":9}},"49":{"start":{"line":97,"column":32},"end":{"line":97,"column":72}},"50":{"start":{"line":99,"column":12},"end":{"line":101,"column":13}},"51":{"start":{"line":100,"column":16},"end":{"line":100,"column":78}},"52":{"start":{"line":102,"column":12},"end":{"line":102,"column":100}},"53":{"start":{"line":105,"column":12},"end":{"line":105,"column":57}},"54":{"start":{"line":106,"column":12},"end":{"line":106,"column":94}},"55":{"start":{"line":112,"column":0},"end":{"line":112,"column":36}}},"fnMap":{"0":{"name":"(anonymous_0)","decl":{"start":{"line":4,"column":4},"end":{"line":4,"column":5}},"loc":{"start":{"line":4,"column":38},"end":{"line":12,"column":5}},"line":4},"1":{"name":"(anonymous_1)","decl":{"start":{"line":14,"column":4},"end":{"line":14,"column":5}},"loc":{"start":{"line":14,"column":40},"end":{"line":39,"column":5}},"line":14},"2":{"name":"(anonymous_2)","decl":{"start":{"line":41,"column":4},"end":{"line":41,"column":5}},"loc":{"start":{"line":41,"column":37},"end":{"line":64,"column":5}},"line":41},"3":{"name":"(anonymous_3)","decl":{"start":{"line":67,"column":4},"end":{"line":67,"column":5}},"loc":{"start":{"line":67,"column":40},"end":{"line":87,"column":5}},"line":67},"4":{"name":"(anonymous_4)","decl":{"start":{"line":89,"column":4},"end":{"line":89,"column":5}},"loc":{"start":{"line":89,"column":40},"end":{"line":108,"column":5}},"line":89}},"branchMap":{"0":{"loc":{"start":{"line":17,"column":8},"end":{"line":19,"column":9}},"type":"if","locations":[{"start":{"line":17,"column":8},"end":{"line":19,"column":9}},{"start":{},"end":{}}],"line":17},"1":{"loc":{"start":{"line":17,"column":12},"end":{"line":17,"column":87}},"type":"binary-expr","locations":[{"start":{"line":17,"column":12},"end":{"line":17,"column":17}},{"start":{"line":17,"column":21},"end":{"line":17,"column":27}},{"start":{"line":17,"column":31},"end":{"line":17,"column":40}},{"start":{"line":17,"column":44},"end":{"line":17,"column":56}},{"start":{"line":17,"column":60},"end":{"line":17,"column":78}},{"start":{"line":17,"column":82},"end":{"line":17,"column":87}}],"line":17},"2":{"loc":{"start":{"line":23,"column":12},"end":{"line":25,"column":13}},"type":"if","locations":[{"start":{"line":23,"column":12},"end":{"line":25,"column":13}},{"start":{},"end":{}}],"line":23},"3":{"loc":{"start":{"line":28,"column":12},"end":{"line":30,"column":13}},"type":"if","locations":[{"start":{"line":28,"column":12},"end":{"line":30,"column":13}},{"start":{},"end":{}}],"line":28},"4":{"loc":{"start":{"line":44,"column":8},"end":{"line":46,"column":9}},"type":"if","locations":[{"start":{"line":44,"column":8},"end":{"line":46,"column":9}},{"start":{},"end":{}}],"line":44},"5":{"loc":{"start":{"line":48,"column":8},"end":{"line":51,"column":9}},"type":"if","locations":[{"start":{"line":48,"column":8},"end":{"line":51,"column":9}},{"start":{},"end":{}}],"line":48},"6":{"loc":{"start":{"line":55,"column":12},"end":{"line":59,"column":13}},"type":"if","locations":[{"start":{"line":55,"column":12},"end":{"line":59,"column":13}},{"start":{"line":57,"column":19},"end":{"line":59,"column":13}}],"line":55},"7":{"loc":{"start":{"line":70,"column":8},"end":{"line":72,"column":9}},"type":"if","locations":[{"start":{"line":70,"column":8},"end":{"line":72,"column":9}},{"start":{},"end":{}}],"line":70},"8":{"loc":{"start":{"line":70,"column":12},"end":{"line":70,"column":28}},"type":"binary-expr","locations":[{"start":{"line":70,"column":12},"end":{"line":70,"column":15}},{"start":{"line":70,"column":19},"end":{"line":70,"column":28}}],"line":70},"9":{"loc":{"start":{"line":74,"column":8},"end":{"line":76,"column":9}},"type":"if","locations":[{"start":{"line":74,"column":8},"end":{"line":76,"column":9}},{"start":{},"end":{}}],"line":74},"10":{"loc":{"start":{"line":80,"column":12},"end":{"line":82,"column":13}},"type":"if","locations":[{"start":{"line":80,"column":12},"end":{"line":82,"column":13}},{"start":{},"end":{}}],"line":80},"11":{"loc":{"start":{"line":92,"column":8},"end":{"line":94,"column":9}},"type":"if","locations":[{"start":{"line":92,"column":8},"end":{"line":94,"column":9}},{"start":{},"end":{}}],"line":92},"12":{"loc":{"start":{"line":99,"column":12},"end":{"line":101,"column":13}},"type":"if","locations":[{"start":{"line":99,"column":12},"end":{"line":101,"column":13}},{"start":{},"end":{}}],"line":99}},"s":{"0":2,"1":2,"2":2,"3":1,"4":1,"5":1,"6":5,"7":5,"8":1,"9":4,"10":4,"11":3,"12":1,"13":2,"14":2,"15":1,"16":1,"17":1,"18":1,"19":1,"20":5,"21":5,"22":1,"23":4,"24":1,"25":1,"26":3,"27":3,"28":2,"29":1,"30":1,"31":1,"32":1,"33":5,"34":5,"35":5,"36":1,"37":4,"38":1,"39":3,"40":3,"41":2,"42":1,"43":1,"44":1,"45":4,"46":4,"47":1,"48":3,"49":3,"50":2,"51":1,"52":1,"53":1,"54":1,"55":2},"f":{"0":2,"1":5,"2":5,"3":5,"4":4},"b":{"0":[1,4],"1":[5,5,5,5,5,5],"2":[1,2],"3":[1,1],"4":[1,4],"5":[1,3],"6":[1,1],"7":[1,4],"8":[5,4],"9":[1,3],"10":[1,1],"11":[1,3],"12":[1,1]},"_coverageSchema":"1a1c01bbd47fc00a2c39e90264f33305004495a9","hash":"c8430926ceaaf53080734e2c0bead02364c5f2ba"}
,"/Users/lin/Downloads/solvd-server-1/api/services/markService.js": {"path":"/Users/lin/Downloads/solvd-server-1/api/services/markService.js","statementMap":{"0":{"start":{"line":1,"column":15},"end":{"line":1,"column":45}},"1":{"start":{"line":5,"column":8},"end":{"line":12,"column":9}},"2":{"start":{"line":6,"column":32},"end":{"line":6,"column":89}},"3":{"start":{"line":7,"column":12},"end":{"line":7,"column":36}},"4":{"start":{"line":10,"column":12},"end":{"line":10,"column":58}},"5":{"start":{"line":11,"column":12},"end":{"line":11,"column":71}},"6":{"start":{"line":16,"column":8},"end":{"line":24,"column":9}},"7":{"start":{"line":17,"column":32},"end":{"line":19,"column":13}},"8":{"start":{"line":20,"column":12},"end":{"line":20,"column":39}},"9":{"start":{"line":22,"column":12},"end":{"line":22,"column":57}},"10":{"start":{"line":23,"column":12},"end":{"line":23,"column":70}},"11":{"start":{"line":28,"column":8},"end":{"line":39,"column":9}},"12":{"start":{"line":29,"column":32},"end":{"line":29,"column":97}},"13":{"start":{"line":30,"column":12},"end":{"line":32,"column":13}},"14":{"start":{"line":31,"column":16},"end":{"line":31,"column":28}},"15":{"start":{"line":34,"column":12},"end":{"line":34,"column":39}},"16":{"start":{"line":36,"column":12},"end":{"line":36,"column":57}},"17":{"start":{"line":37,"column":12},"end":{"line":37,"column":74}},"18":{"start":{"line":43,"column":8},"end":{"line":54,"column":9}},"19":{"start":{"line":44,"column":32},"end":{"line":44,"column":118}},"20":{"start":{"line":46,"column":12},"end":{"line":48,"column":13}},"21":{"start":{"line":47,"column":16},"end":{"line":47,"column":28}},"22":{"start":{"line":50,"column":12},"end":{"line":50,"column":39}},"23":{"start":{"line":52,"column":12},"end":{"line":52,"column":57}},"24":{"start":{"line":53,"column":12},"end":{"line":53,"column":74}},"25":{"start":{"line":59,"column":8},"end":{"line":70,"column":9}},"26":{"start":{"line":60,"column":32},"end":{"line":60,"column":107}},"27":{"start":{"line":62,"column":12},"end":{"line":64,"column":13}},"28":{"start":{"line":63,"column":16},"end":{"line":63,"column":28}},"29":{"start":{"line":66,"column":12},"end":{"line":66,"column":39}},"30":{"start":{"line":68,"column":12},"end":{"line":68,"column":57}},"31":{"start":{"line":69,"column":12},"end":{"line":69,"column":73}},"32":{"start":{"line":74,"column":8},"end":{"line":80,"column":9}},"33":{"start":{"line":75,"column":32},"end":{"line":75,"column":104}},"34":{"start":{"line":76,"column":12},"end":{"line":76,"column":49}},"35":{"start":{"line":78,"column":12},"end":{"line":78,"column":64}},"36":{"start":{"line":79,"column":12},"end":{"line":79,"column":81}},"37":{"start":{"line":87,"column":0},"end":{"line":87,"column":35}}},"fnMap":{"0":{"name":"(anonymous_0)","decl":{"start":{"line":4,"column":4},"end":{"line":4,"column":5}},"loc":{"start":{"line":4,"column":24},"end":{"line":13,"column":5}},"line":4},"1":{"name":"(anonymous_1)","decl":{"start":{"line":15,"column":4},"end":{"line":15,"column":5}},"loc":{"start":{"line":15,"column":27},"end":{"line":25,"column":5}},"line":15},"2":{"name":"(anonymous_2)","decl":{"start":{"line":27,"column":4},"end":{"line":27,"column":5}},"loc":{"start":{"line":27,"column":30},"end":{"line":40,"column":5}},"line":27},"3":{"name":"(anonymous_3)","decl":{"start":{"line":42,"column":4},"end":{"line":42,"column":5}},"loc":{"start":{"line":42,"column":31},"end":{"line":55,"column":5}},"line":42},"4":{"name":"(anonymous_4)","decl":{"start":{"line":58,"column":4},"end":{"line":58,"column":5}},"loc":{"start":{"line":58,"column":33},"end":{"line":71,"column":5}},"line":58},"5":{"name":"(anonymous_5)","decl":{"start":{"line":73,"column":4},"end":{"line":73,"column":5}},"loc":{"start":{"line":73,"column":26},"end":{"line":81,"column":5}},"line":73}},"branchMap":{"0":{"loc":{"start":{"line":30,"column":12},"end":{"line":32,"column":13}},"type":"if","locations":[{"start":{"line":30,"column":12},"end":{"line":32,"column":13}},{"start":{},"end":{}}],"line":30},"1":{"loc":{"start":{"line":46,"column":12},"end":{"line":48,"column":13}},"type":"if","locations":[{"start":{"line":46,"column":12},"end":{"line":48,"column":13}},{"start":{},"end":{}}],"line":46},"2":{"loc":{"start":{"line":62,"column":12},"end":{"line":64,"column":13}},"type":"if","locations":[{"start":{"line":62,"column":12},"end":{"line":64,"column":13}},{"start":{},"end":{}}],"line":62}},"s":{"0":1,"1":0,"2":0,"3":0,"4":0,"5":0,"6":0,"7":0,"8":0,"9":0,"10":0,"11":0,"12":0,"13":0,"14":0,"15":0,"16":0,"17":0,"18":0,"19":0,"20":0,"21":0,"22":0,"23":0,"24":0,"25":0,"26":0,"27":0,"28":0,"29":0,"30":0,"31":0,"32":0,"33":0,"34":0,"35":0,"36":0,"37":1},"f":{"0":0,"1":0,"2":0,"3":0,"4":0,"5":0},"b":{"0":[0,0],"1":[0,0],"2":[0,0]},"_coverageSchema":"1a1c01bbd47fc00a2c39e90264f33305004495a9","hash":"c76f0820d60f8e3adeedb8ff1cf12352860fc6e7"}
,"/Users/lin/Downloads/solvd-server-1/api/services/partService.js": {"path":"/Users/lin/Downloads/solvd-server-1/api/services/partService.js","statementMap":{"0":{"start":{"line":1,"column":15},"end":{"line":1,"column":45}},"1":{"start":{"line":5,"column":8},"end":{"line":11,"column":9}},"2":{"start":{"line":6,"column":32},"end":{"line":6,"column":89}},"3":{"start":{"line":7,"column":12},"end":{"line":7,"column":36}},"4":{"start":{"line":9,"column":12},"end":{"line":9,"column":58}},"5":{"start":{"line":10,"column":12},"end":{"line":10,"column":71}},"6":{"start":{"line":15,"column":8},"end":{"line":42,"column":9}},"7":{"start":{"line":16,"column":36},"end":{"line":19,"column":13}},"8":{"start":{"line":21,"column":12},"end":{"line":23,"column":13}},"9":{"start":{"line":22,"column":16},"end":{"line":22,"column":28}},"10":{"start":{"line":25,"column":33},"end":{"line":28,"column":13}},"11":{"start":{"line":30,"column":12},"end":{"line":32,"column":13}},"12":{"start":{"line":31,"column":16},"end":{"line":31,"column":29}},"13":{"start":{"line":34,"column":32},"end":{"line":37,"column":13}},"14":{"start":{"line":38,"column":12},"end":{"line":38,"column":39}},"15":{"start":{"line":40,"column":12},"end":{"line":40,"column":57}},"16":{"start":{"line":41,"column":12},"end":{"line":41,"column":72}},"17":{"start":{"line":46,"column":8},"end":{"line":58,"column":9}},"18":{"start":{"line":47,"column":32},"end":{"line":47,"column":97}},"19":{"start":{"line":48,"column":12},"end":{"line":50,"column":13}},"20":{"start":{"line":49,"column":16},"end":{"line":49,"column":28}},"21":{"start":{"line":52,"column":12},"end":{"line":52,"column":39}},"22":{"start":{"line":54,"column":12},"end":{"line":54,"column":57}},"23":{"start":{"line":55,"column":12},"end":{"line":55,"column":74}},"24":{"start":{"line":62,"column":8},"end":{"line":92,"column":9}},"25":{"start":{"line":63,"column":36},"end":{"line":66,"column":13}},"26":{"start":{"line":68,"column":12},"end":{"line":70,"column":13}},"27":{"start":{"line":69,"column":16},"end":{"line":69,"column":28}},"28":{"start":{"line":72,"column":33},"end":{"line":75,"column":13}},"29":{"start":{"line":77,"column":12},"end":{"line":79,"column":13}},"30":{"start":{"line":78,"column":16},"end":{"line":78,"column":29}},"31":{"start":{"line":81,"column":32},"end":{"line":82,"column":104}},"32":{"start":{"line":84,"column":12},"end":{"line":86,"column":13}},"33":{"start":{"line":85,"column":16},"end":{"line":85,"column":28}},"34":{"start":{"line":88,"column":12},"end":{"line":88,"column":39}},"35":{"start":{"line":90,"column":12},"end":{"line":90,"column":57}},"36":{"start":{"line":91,"column":12},"end":{"line":91,"column":74}},"37":{"start":{"line":96,"column":8},"end":{"line":107,"column":9}},"38":{"start":{"line":97,"column":32},"end":{"line":97,"column":107}},"39":{"start":{"line":99,"column":12},"end":{"line":101,"column":13}},"40":{"start":{"line":100,"column":16},"end":{"line":100,"column":28}},"41":{"start":{"line":103,"column":12},"end":{"line":103,"column":39}},"42":{"start":{"line":105,"column":12},"end":{"line":105,"column":57}},"43":{"start":{"line":106,"column":12},"end":{"line":106,"column":73}},"44":{"start":{"line":111,"column":8},"end":{"line":121,"column":9}},"45":{"start":{"line":112,"column":32},"end":{"line":117,"column":40}},"46":{"start":{"line":118,"column":12},"end":{"line":118,"column":36}},"47":{"start":{"line":120,"column":12},"end":{"line":120,"column":24}},"48":{"start":{"line":125,"column":0},"end":{"line":125,"column":35}}},"fnMap":{"0":{"name":"(anonymous_0)","decl":{"start":{"line":4,"column":4},"end":{"line":4,"column":5}},"loc":{"start":{"line":4,"column":24},"end":{"line":12,"column":5}},"line":4},"1":{"name":"(anonymous_1)","decl":{"start":{"line":14,"column":4},"end":{"line":14,"column":5}},"loc":{"start":{"line":14,"column":104},"end":{"line":43,"column":5}},"line":14},"2":{"name":"(anonymous_2)","decl":{"start":{"line":45,"column":4},"end":{"line":45,"column":5}},"loc":{"start":{"line":45,"column":30},"end":{"line":59,"column":5}},"line":45},"3":{"name":"(anonymous_3)","decl":{"start":{"line":61,"column":4},"end":{"line":61,"column":5}},"loc":{"start":{"line":61,"column":108},"end":{"line":93,"column":5}},"line":61},"4":{"name":"(anonymous_4)","decl":{"start":{"line":95,"column":4},"end":{"line":95,"column":5}},"loc":{"start":{"line":95,"column":33},"end":{"line":108,"column":5}},"line":95},"5":{"name":"(anonymous_5)","decl":{"start":{"line":110,"column":4},"end":{"line":110,"column":5}},"loc":{"start":{"line":110,"column":52},"end":{"line":122,"column":5}},"line":110}},"branchMap":{"0":{"loc":{"start":{"line":21,"column":12},"end":{"line":23,"column":13}},"type":"if","locations":[{"start":{"line":21,"column":12},"end":{"line":23,"column":13}},{"start":{},"end":{}}],"line":21},"1":{"loc":{"start":{"line":30,"column":12},"end":{"line":32,"column":13}},"type":"if","locations":[{"start":{"line":30,"column":12},"end":{"line":32,"column":13}},{"start":{},"end":{}}],"line":30},"2":{"loc":{"start":{"line":48,"column":12},"end":{"line":50,"column":13}},"type":"if","locations":[{"start":{"line":48,"column":12},"end":{"line":50,"column":13}},{"start":{},"end":{}}],"line":48},"3":{"loc":{"start":{"line":68,"column":12},"end":{"line":70,"column":13}},"type":"if","locations":[{"start":{"line":68,"column":12},"end":{"line":70,"column":13}},{"start":{},"end":{}}],"line":68},"4":{"loc":{"start":{"line":77,"column":12},"end":{"line":79,"column":13}},"type":"if","locations":[{"start":{"line":77,"column":12},"end":{"line":79,"column":13}},{"start":{},"end":{}}],"line":77},"5":{"loc":{"start":{"line":84,"column":12},"end":{"line":86,"column":13}},"type":"if","locations":[{"start":{"line":84,"column":12},"end":{"line":86,"column":13}},{"start":{},"end":{}}],"line":84},"6":{"loc":{"start":{"line":99,"column":12},"end":{"line":101,"column":13}},"type":"if","locations":[{"start":{"line":99,"column":12},"end":{"line":101,"column":13}},{"start":{},"end":{}}],"line":99}},"s":{"0":1,"1":0,"2":0,"3":0,"4":0,"5":0,"6":0,"7":0,"8":0,"9":0,"10":0,"11":0,"12":0,"13":0,"14":0,"15":0,"16":0,"17":0,"18":0,"19":0,"20":0,"21":0,"22":0,"23":0,"24":0,"25":0,"26":0,"27":0,"28":0,"29":0,"30":0,"31":0,"32":0,"33":0,"34":0,"35":0,"36":0,"37":0,"38":0,"39":0,"40":0,"41":0,"42":0,"43":0,"44":0,"45":0,"46":0,"47":0,"48":1},"f":{"0":0,"1":0,"2":0,"3":0,"4":0,"5":0},"b":{"0":[0,0],"1":[0,0],"2":[0,0],"3":[0,0],"4":[0,0],"5":[0,0],"6":[0,0]},"_coverageSchema":"1a1c01bbd47fc00a2c39e90264f33305004495a9","hash":"8fc9b60b96d9cdd994637aefaeb0acdda5a4ee76"}
,"/Users/lin/Downloads/solvd-server-1/api/services/userService.js": {"path":"/Users/lin/Downloads/solvd-server-1/api/services/userService.js","statementMap":{"0":{"start":{"line":1,"column":15},"end":{"line":1,"column":45}},"1":{"start":{"line":5,"column":8},"end":{"line":11,"column":9}},"2":{"start":{"line":6,"column":32},"end":{"line":6,"column":89}},"3":{"start":{"line":7,"column":12},"end":{"line":7,"column":36}},"4":{"start":{"line":9,"column":12},"end":{"line":9,"column":58}},"5":{"start":{"line":10,"column":12},"end":{"line":10,"column":71}},"6":{"start":{"line":15,"column":8},"end":{"line":27,"column":9}},"7":{"start":{"line":16,"column":32},"end":{"line":19,"column":13}},"8":{"start":{"line":21,"column":25},"end":{"line":21,"column":44}},"9":{"start":{"line":23,"column":12},"end":{"line":23,"column":24}},"10":{"start":{"line":25,"column":12},"end":{"line":25,"column":57}},"11":{"start":{"line":26,"column":12},"end":{"line":26,"column":72}},"12":{"start":{"line":31,"column":8},"end":{"line":42,"column":9}},"13":{"start":{"line":32,"column":32},"end":{"line":32,"column":97}},"14":{"start":{"line":33,"column":12},"end":{"line":35,"column":13}},"15":{"start":{"line":34,"column":16},"end":{"line":34,"column":28}},"16":{"start":{"line":36,"column":12},"end":{"line":36,"column":39}},"17":{"start":{"line":38,"column":12},"end":{"line":38,"column":57}},"18":{"start":{"line":39,"column":12},"end":{"line":39,"column":74}},"19":{"start":{"line":46,"column":8},"end":{"line":57,"column":9}},"20":{"start":{"line":47,"column":32},"end":{"line":47,"column":210}},"21":{"start":{"line":49,"column":12},"end":{"line":51,"column":13}},"22":{"start":{"line":50,"column":16},"end":{"line":50,"column":28}},"23":{"start":{"line":53,"column":12},"end":{"line":53,"column":39}},"24":{"start":{"line":55,"column":12},"end":{"line":55,"column":57}},"25":{"start":{"line":56,"column":12},"end":{"line":56,"column":74}},"26":{"start":{"line":61,"column":8},"end":{"line":72,"column":9}},"27":{"start":{"line":62,"column":32},"end":{"line":62,"column":107}},"28":{"start":{"line":64,"column":12},"end":{"line":66,"column":13}},"29":{"start":{"line":65,"column":16},"end":{"line":65,"column":28}},"30":{"start":{"line":68,"column":12},"end":{"line":68,"column":39}},"31":{"start":{"line":70,"column":12},"end":{"line":70,"column":57}},"32":{"start":{"line":71,"column":12},"end":{"line":71,"column":73}},"33":{"start":{"line":76,"column":8},"end":{"line":84,"column":9}},"34":{"start":{"line":77,"column":32},"end":{"line":77,"column":115}},"35":{"start":{"line":78,"column":31},"end":{"line":78,"column":57}},"36":{"start":{"line":79,"column":12},"end":{"line":79,"column":31}},"37":{"start":{"line":82,"column":12},"end":{"line":82,"column":57}},"38":{"start":{"line":83,"column":12},"end":{"line":83,"column":73}},"39":{"start":{"line":88,"column":8},"end":{"line":100,"column":9}},"40":{"start":{"line":89,"column":32},"end":{"line":89,"column":99}},"41":{"start":{"line":90,"column":12},"end":{"line":92,"column":13}},"42":{"start":{"line":91,"column":16},"end":{"line":91,"column":28}},"43":{"start":{"line":94,"column":12},"end":{"line":94,"column":39}},"44":{"start":{"line":96,"column":12},"end":{"line":96,"column":57}},"45":{"start":{"line":97,"column":12},"end":{"line":97,"column":74}},"46":{"start":{"line":104,"column":8},"end":{"line":116,"column":9}},"47":{"start":{"line":105,"column":32},"end":{"line":105,"column":111}},"48":{"start":{"line":106,"column":12},"end":{"line":108,"column":13}},"49":{"start":{"line":107,"column":16},"end":{"line":107,"column":28}},"50":{"start":{"line":110,"column":12},"end":{"line":110,"column":39}},"51":{"start":{"line":112,"column":12},"end":{"line":112,"column":57}},"52":{"start":{"line":113,"column":12},"end":{"line":113,"column":74}},"53":{"start":{"line":123,"column":0},"end":{"line":123,"column":35}}},"fnMap":{"0":{"name":"(anonymous_0)","decl":{"start":{"line":4,"column":4},"end":{"line":4,"column":5}},"loc":{"start":{"line":4,"column":24},"end":{"line":12,"column":5}},"line":4},"1":{"name":"(anonymous_1)","decl":{"start":{"line":14,"column":4},"end":{"line":14,"column":5}},"loc":{"start":{"line":14,"column":63},"end":{"line":28,"column":5}},"line":14},"2":{"name":"(anonymous_2)","decl":{"start":{"line":30,"column":4},"end":{"line":30,"column":5}},"loc":{"start":{"line":30,"column":30},"end":{"line":43,"column":5}},"line":30},"3":{"name":"(anonymous_3)","decl":{"start":{"line":45,"column":4},"end":{"line":45,"column":5}},"loc":{"start":{"line":45,"column":67},"end":{"line":58,"column":5}},"line":45},"4":{"name":"(anonymous_4)","decl":{"start":{"line":60,"column":4},"end":{"line":60,"column":5}},"loc":{"start":{"line":60,"column":33},"end":{"line":73,"column":5}},"line":60},"5":{"name":"(anonymous_5)","decl":{"start":{"line":75,"column":4},"end":{"line":75,"column":5}},"loc":{"start":{"line":75,"column":30},"end":{"line":85,"column":5}},"line":75},"6":{"name":"(anonymous_6)","decl":{"start":{"line":87,"column":4},"end":{"line":87,"column":5}},"loc":{"start":{"line":87,"column":32},"end":{"line":101,"column":5}},"line":87},"7":{"name":"(anonymous_7)","decl":{"start":{"line":103,"column":4},"end":{"line":103,"column":5}},"loc":{"start":{"line":103,"column":38},"end":{"line":117,"column":5}},"line":103}},"branchMap":{"0":{"loc":{"start":{"line":33,"column":12},"end":{"line":35,"column":13}},"type":"if","locations":[{"start":{"line":33,"column":12},"end":{"line":35,"column":13}},{"start":{},"end":{}}],"line":33},"1":{"loc":{"start":{"line":49,"column":12},"end":{"line":51,"column":13}},"type":"if","locations":[{"start":{"line":49,"column":12},"end":{"line":51,"column":13}},{"start":{},"end":{}}],"line":49},"2":{"loc":{"start":{"line":64,"column":12},"end":{"line":66,"column":13}},"type":"if","locations":[{"start":{"line":64,"column":12},"end":{"line":66,"column":13}},{"start":{},"end":{}}],"line":64},"3":{"loc":{"start":{"line":90,"column":12},"end":{"line":92,"column":13}},"type":"if","locations":[{"start":{"line":90,"column":12},"end":{"line":92,"column":13}},{"start":{},"end":{}}],"line":90},"4":{"loc":{"start":{"line":106,"column":12},"end":{"line":108,"column":13}},"type":"if","locations":[{"start":{"line":106,"column":12},"end":{"line":108,"column":13}},{"start":{},"end":{}}],"line":106}},"s":{"0":2,"1":0,"2":0,"3":0,"4":0,"5":0,"6":0,"7":0,"8":0,"9":0,"10":0,"11":0,"12":0,"13":0,"14":0,"15":0,"16":0,"17":0,"18":0,"19":0,"20":0,"21":0,"22":0,"23":0,"24":0,"25":0,"26":0,"27":0,"28":0,"29":0,"30":0,"31":0,"32":0,"33":0,"34":0,"35":0,"36":0,"37":0,"38":0,"39":0,"40":0,"41":0,"42":0,"43":0,"44":0,"45":0,"46":0,"47":0,"48":0,"49":0,"50":0,"51":0,"52":0,"53":2},"f":{"0":0,"1":0,"2":0,"3":0,"4":0,"5":0,"6":0,"7":0},"b":{"0":[0,0],"1":[0,0],"2":[0,0],"3":[0,0],"4":[0,0]},"_coverageSchema":"1a1c01bbd47fc00a2c39e90264f33305004495a9","hash":"f9a78bc109c47d7485cc176a6be8124883c77cef"}
}
