TN:
SF:configs/database.js
FNF:0
FNH:0
DA:1,3
DA:2,3
DA:3,3
DA:12,3
LF:4
LH:4
BRF:0
BRH:0
end_of_record
TN:
SF:controllers/MarkController.js
FN:5,(anonymous_0)
FN:14,(anonymous_1)
FN:36,(anonymous_2)
FN:51,(anonymous_3)
FN:69,(anonymous_4)
FNF:5
FNH:5
FNDA:2,(anonymous_0)
FNDA:4,(anonymous_1)
FNDA:3,(anonymous_2)
FNDA:4,(anonymous_3)
FNDA:3,(anonymous_4)
DA:1,1
DA:6,2
DA:7,2
DA:8,1
DA:10,1
DA:15,4
DA:16,4
DA:17,1
DA:18,1
DA:21,3
DA:22,3
DA:23,2
DA:24,1
DA:25,1
DA:28,1
DA:29,1
DA:31,1
DA:32,1
DA:37,3
DA:38,3
DA:39,3
DA:40,2
DA:41,1
DA:43,1
DA:46,1
DA:47,1
DA:52,4
DA:53,4
DA:54,4
DA:55,1
DA:58,3
DA:59,3
DA:60,2
DA:61,1
DA:63,1
DA:65,1
DA:70,3
DA:72,3
DA:73,3
DA:75,2
DA:76,1
DA:78,1
DA:81,1
DA:82,1
DA:89,1
LF:45
LH:45
BRDA:16,0,0,1
BRDA:16,0,1,3
BRDA:23,1,0,1
BRDA:23,1,1,1
BRDA:40,2,0,1
BRDA:40,2,1,1
BRDA:54,3,0,1
BRDA:54,3,1,3
BRDA:60,4,0,1
BRDA:60,4,1,1
BRDA:75,5,0,1
BRDA:75,5,1,1
BRF:12
BRH:12
end_of_record
TN:
SF:controllers/PartController.js
FN:5,(anonymous_0)
FN:22,(anonymous_1)
FN:45,(anonymous_2)
FN:60,(anonymous_3)
FN:86,(anonymous_4)
FNF:5
FNH:5
FNDA:3,(anonymous_0)
FNDA:4,(anonymous_1)
FNDA:3,(anonymous_2)
FNDA:5,(anonymous_3)
FNDA:3,(anonymous_4)
DA:1,1
DA:6,3
DA:8,3
DA:9,3
DA:10,1
DA:11,1
DA:13,2
DA:14,1
DA:17,1
DA:18,1
DA:23,4
DA:24,4
DA:25,1
DA:28,3
DA:29,3
DA:30,3
DA:31,1
DA:32,2
DA:33,1
DA:35,1
DA:40,0
DA:41,0
DA:46,3
DA:47,3
DA:48,3
DA:49,2
DA:50,1
DA:52,1
DA:55,1
DA:56,1
DA:61,5
DA:62,5
DA:63,5
DA:64,0
DA:67,5
DA:68,5
DA:70,4
DA:71,1
DA:72,3
DA:73,1
DA:74,2
DA:75,1
DA:77,1
DA:82,1
DA:87,3
DA:88,3
DA:89,3
DA:91,2
DA:92,1
DA:94,1
DA:99,1
DA:100,1
DA:107,1
LF:53
LH:50
BRDA:9,0,0,1
BRDA:9,0,1,2
BRDA:9,1,0,3
BRDA:9,1,1,1
BRDA:24,2,0,1
BRDA:24,2,1,3
BRDA:24,3,0,4
BRDA:24,3,1,4
BRDA:24,3,2,4
BRDA:24,3,3,4
BRDA:24,3,4,4
BRDA:24,3,5,4
BRDA:24,3,6,4
BRDA:24,3,7,3
BRDA:24,3,8,3
BRDA:24,3,9,3
BRDA:24,3,10,3
BRDA:30,4,0,1
BRDA:30,4,1,2
BRDA:32,5,0,1
BRDA:32,5,1,1
BRDA:49,6,0,1
BRDA:49,6,1,1
BRDA:63,7,0,0
BRDA:63,7,1,5
BRDA:70,8,0,1
BRDA:70,8,1,3
BRDA:72,9,0,1
BRDA:72,9,1,2
BRDA:74,10,0,1
BRDA:74,10,1,1
BRDA:91,11,0,1
BRDA:91,11,1,1
BRF:33
BRH:32
end_of_record
TN:
SF:controllers/UserController.js
FN:4,(anonymous_0)
FN:14,(anonymous_1)
FN:41,(anonymous_2)
FN:67,(anonymous_3)
FN:89,(anonymous_4)
FNF:5
FNH:5
FNDA:2,(anonymous_0)
FNDA:5,(anonymous_1)
FNDA:5,(anonymous_2)
FNDA:5,(anonymous_3)
FNDA:4,(anonymous_4)
DA:1,2
DA:5,2
DA:6,2
DA:7,1
DA:9,1
DA:10,1
DA:15,5
DA:17,5
DA:18,1
DA:21,4
DA:22,4
DA:23,3
DA:24,1
DA:27,2
DA:28,2
DA:29,1
DA:32,1
DA:33,1
DA:36,1
DA:37,1
DA:42,5
DA:44,5
DA:45,1
DA:48,4
DA:49,1
DA:50,1
DA:53,3
DA:54,3
DA:55,2
DA:56,1
DA:58,1
DA:61,1
DA:62,1
DA:68,5
DA:69,5
DA:70,5
DA:71,1
DA:74,4
DA:75,1
DA:78,3
DA:79,3
DA:80,2
DA:81,1
DA:83,1
DA:85,1
DA:90,4
DA:92,4
DA:93,1
DA:96,3
DA:97,3
DA:99,2
DA:100,1
DA:102,1
DA:105,1
DA:106,1
DA:112,2
LF:56
LH:56
BRDA:17,0,0,1
BRDA:17,0,1,4
BRDA:17,1,0,5
BRDA:17,1,1,5
BRDA:17,1,2,5
BRDA:17,1,3,5
BRDA:17,1,4,5
BRDA:17,1,5,5
BRDA:23,2,0,1
BRDA:23,2,1,2
BRDA:28,3,0,1
BRDA:28,3,1,1
BRDA:44,4,0,1
BRDA:44,4,1,4
BRDA:48,5,0,1
BRDA:48,5,1,3
BRDA:55,6,0,1
BRDA:55,6,1,1
BRDA:70,7,0,1
BRDA:70,7,1,4
BRDA:70,8,0,5
BRDA:70,8,1,4
BRDA:74,9,0,1
BRDA:74,9,1,3
BRDA:80,10,0,1
BRDA:80,10,1,1
BRDA:92,11,0,1
BRDA:92,11,1,3
BRDA:99,12,0,1
BRDA:99,12,1,1
BRF:30
BRH:30
end_of_record
TN:
SF:services/markService.js
FN:4,(anonymous_0)
FN:15,(anonymous_1)
FN:27,(anonymous_2)
FN:42,(anonymous_3)
FN:58,(anonymous_4)
FN:73,(anonymous_5)
FNF:6
FNH:0
FNDA:0,(anonymous_0)
FNDA:0,(anonymous_1)
FNDA:0,(anonymous_2)
FNDA:0,(anonymous_3)
FNDA:0,(anonymous_4)
FNDA:0,(anonymous_5)
DA:1,1
DA:5,0
DA:6,0
DA:7,0
DA:10,0
DA:11,0
DA:16,0
DA:17,0
DA:20,0
DA:22,0
DA:23,0
DA:28,0
DA:29,0
DA:30,0
DA:31,0
DA:34,0
DA:36,0
DA:37,0
DA:43,0
DA:44,0
DA:46,0
DA:47,0
DA:50,0
DA:52,0
DA:53,0
DA:59,0
DA:60,0
DA:62,0
DA:63,0
DA:66,0
DA:68,0
DA:69,0
DA:74,0
DA:75,0
DA:76,0
DA:78,0
DA:79,0
DA:87,1
LF:38
LH:2
BRDA:30,0,0,0
BRDA:30,0,1,0
BRDA:46,1,0,0
BRDA:46,1,1,0
BRDA:62,2,0,0
BRDA:62,2,1,0
BRF:6
BRH:0
end_of_record
TN:
SF:services/partService.js
FN:4,(anonymous_0)
FN:14,(anonymous_1)
FN:45,(anonymous_2)
FN:61,(anonymous_3)
FN:95,(anonymous_4)
FN:110,(anonymous_5)
FNF:6
FNH:0
FNDA:0,(anonymous_0)
FNDA:0,(anonymous_1)
FNDA:0,(anonymous_2)
FNDA:0,(anonymous_3)
FNDA:0,(anonymous_4)
FNDA:0,(anonymous_5)
DA:1,1
DA:5,0
DA:6,0
DA:7,0
DA:9,0
DA:10,0
DA:15,0
DA:16,0
DA:21,0
DA:22,0
DA:25,0
DA:30,0
DA:31,0
DA:34,0
DA:38,0
DA:40,0
DA:41,0
DA:46,0
DA:47,0
DA:48,0
DA:49,0
DA:52,0
DA:54,0
DA:55,0
DA:62,0
DA:63,0
DA:68,0
DA:69,0
DA:72,0
DA:77,0
DA:78,0
DA:81,0
DA:84,0
DA:85,0
DA:88,0
DA:90,0
DA:91,0
DA:96,0
DA:97,0
DA:99,0
DA:100,0
DA:103,0
DA:105,0
DA:106,0
DA:111,0
DA:112,0
DA:118,0
DA:120,0
DA:125,1
LF:49
LH:2
BRDA:21,0,0,0
BRDA:21,0,1,0
BRDA:30,1,0,0
BRDA:30,1,1,0
BRDA:48,2,0,0
BRDA:48,2,1,0
BRDA:68,3,0,0
BRDA:68,3,1,0
BRDA:77,4,0,0
BRDA:77,4,1,0
BRDA:84,5,0,0
BRDA:84,5,1,0
BRDA:99,6,0,0
BRDA:99,6,1,0
BRF:14
BRH:0
end_of_record
TN:
SF:services/userService.js
FN:4,(anonymous_0)
FN:14,(anonymous_1)
FN:30,(anonymous_2)
FN:45,(anonymous_3)
FN:60,(anonymous_4)
FN:75,(anonymous_5)
FN:87,(anonymous_6)
FN:103,(anonymous_7)
FNF:8
FNH:0
FNDA:0,(anonymous_0)
FNDA:0,(anonymous_1)
FNDA:0,(anonymous_2)
FNDA:0,(anonymous_3)
FNDA:0,(anonymous_4)
FNDA:0,(anonymous_5)
FNDA:0,(anonymous_6)
FNDA:0,(anonymous_7)
DA:1,2
DA:5,0
DA:6,0
DA:7,0
DA:9,0
DA:10,0
DA:15,0
DA:16,0
DA:21,0
DA:23,0
DA:25,0
DA:26,0
DA:31,0
DA:32,0
DA:33,0
DA:34,0
DA:36,0
DA:38,0
DA:39,0
DA:46,0
DA:47,0
DA:49,0
DA:50,0
DA:53,0
DA:55,0
DA:56,0
DA:61,0
DA:62,0
DA:64,0
DA:65,0
DA:68,0
DA:70,0
DA:71,0
DA:76,0
DA:77,0
DA:78,0
DA:79,0
DA:82,0
DA:83,0
DA:88,0
DA:89,0
DA:90,0
DA:91,0
DA:94,0
DA:96,0
DA:97,0
DA:104,0
DA:105,0
DA:106,0
DA:107,0
DA:110,0
DA:112,0
DA:113,0
DA:123,2
LF:54
LH:2
BRDA:33,0,0,0
BRDA:33,0,1,0
BRDA:49,1,0,0
BRDA:49,1,1,0
BRDA:64,2,0,0
BRDA:64,2,1,0
BRDA:90,3,0,0
BRDA:90,3,1,0
BRDA:106,4,0,0
BRDA:106,4,1,0
BRF:10
BRH:0
end_of_record
